<?xml version="1.0" encoding="UTF-8"?>
<testsuite xmlns:xsi="http://www.w3.org/2001/XMLSchema-instance" xsi:noNamespaceSchemaLocation="https://maven.apache.org/surefire/maven-surefire-plugin/xsd/surefire-test-report-3.0.xsd" version="3.0" name="com.quarkus.LambdaHandlerTest" time="2.822" tests="1" errors="0" skipped="0" failures="0">
  <properties>
[...]
</properties>
  <testcase name="testSimpleLambdaSuccess" classname="com.quarkus.LambdaHandlerTest" time="0.14">
    <system-out><![CDATA[2020-10-16 09:12:47,447 INFO  [io.quarkus] (main) Quarkus 1.8.2.Final on JVM started in 1.376s. 
2020-10-16 09:12:47,449 INFO  [io.quarkus] (main) Profile test activated. 
2020-10-16 09:12:47,449 INFO  [io.quarkus] (main) Installed features: [amazon-lambda, cdi]
]]></system-out>
  </testcase>
</testsuite>